30/05/2022, 13:36:42 - INFO - Server is running on port: 3030
30/05/2022, 13:36:55 - INFO - Server is running on port: 3030
30/05/2022, 13:36:58 - INFO - Req was made
30/05/2022, 13:36:58 - DEBUG - Getting Boards
30/05/2022, 13:37:44 - INFO - Server is running on port: 3030
30/05/2022, 13:38:43 - INFO - Server is running on port: 3030
30/05/2022, 13:38:45 - INFO - Server is running on port: 3030
30/05/2022, 13:39:02 - INFO - Server is running on port: 3030
30/05/2022, 13:39:03 - DEBUG - requireAuth - loggedinUser | {}
30/05/2022, 13:39:42 - INFO - Server is running on port: 3030
30/05/2022, 13:46:57 - INFO - Server is running on port: 3030
30/05/2022, 15:11:08 - INFO - Server is running on port: 3030
30/05/2022, 15:21:15 - INFO - Server is running on port: 3030
30/05/2022, 15:23:42 - INFO - Req was made
30/05/2022, 15:23:42 - DEBUG - Getting Boards
30/05/2022, 15:23:50 - INFO - Req was made
30/05/2022, 15:23:50 - DEBUG - Getting Boards
30/05/2022, 15:24:24 - INFO - Server is running on port: 3030
30/05/2022, 15:24:25 - INFO - Req was made
30/05/2022, 15:24:25 - DEBUG - Getting Boards
30/05/2022, 15:24:47 - INFO - Server is running on port: 3030
30/05/2022, 15:24:48 - INFO - Req was made
30/05/2022, 15:24:48 - DEBUG - Getting Boards
30/05/2022, 15:25:50 - INFO - Server is running on port: 3030
30/05/2022, 15:25:51 - INFO - Req was made
30/05/2022, 15:25:51 - DEBUG - Getting Boards
30/05/2022, 15:26:07 - INFO - Server is running on port: 3030
30/05/2022, 15:26:09 - INFO - Req was made
30/05/2022, 15:26:09 - DEBUG - Getting Boards
30/05/2022, 15:26:17 - INFO - Server is running on port: 3030
30/05/2022, 15:26:19 - INFO - Req was made
30/05/2022, 15:26:19 - DEBUG - Getting Boards
30/05/2022, 15:26:42 - INFO - Server is running on port: 3030
30/05/2022, 15:26:44 - INFO - Req was made
30/05/2022, 15:26:44 - DEBUG - Getting Boards
30/05/2022, 15:27:07 - INFO - Req was made
30/05/2022, 15:27:07 - DEBUG - Getting Boards
30/05/2022, 15:27:09 - INFO - Server is running on port: 3030
30/05/2022, 15:27:10 - INFO - Req was made
30/05/2022, 15:27:10 - DEBUG - Getting Boards
30/05/2022, 15:27:32 - INFO - Server is running on port: 3030
30/05/2022, 15:27:33 - INFO - Req was made
30/05/2022, 15:27:33 - DEBUG - Getting Boards
30/05/2022, 15:28:23 - INFO - Req was made
30/05/2022, 15:28:23 - DEBUG - Getting Boards
30/05/2022, 15:28:46 - INFO - Server is running on port: 3030
30/05/2022, 15:28:50 - INFO - Server is running on port: 3030
30/05/2022, 15:28:52 - INFO - Req was made
30/05/2022, 15:28:52 - DEBUG - Getting Boards
30/05/2022, 15:29:04 - ERROR - Failed to get boards | {}
30/05/2022, 15:29:15 - INFO - Server is running on port: 3030
30/05/2022, 15:29:15 - INFO - Req was made
30/05/2022, 15:29:15 - DEBUG - Getting Boards
30/05/2022, 15:29:25 - ERROR - Failed to get boards | {}
30/05/2022, 15:30:18 - INFO - Server is running on port: 3030
30/05/2022, 15:30:28 - INFO - Req was made
30/05/2022, 15:30:28 - DEBUG - Getting Boards
30/05/2022, 15:30:37 - ERROR - Failed to get boards | {}
30/05/2022, 15:30:45 - INFO - Server is running on port: 3030
30/05/2022, 15:30:47 - INFO - Req was made
30/05/2022, 15:30:47 - DEBUG - Getting Boards
30/05/2022, 15:34:36 - INFO - Server is running on port: 3030
30/05/2022, 15:36:55 - INFO - Server is running on port: 3030
30/05/2022, 15:37:35 - INFO - Req was made
30/05/2022, 15:37:35 - DEBUG - Getting Boards
30/05/2022, 15:37:35 - ERROR - cannot find boards | {}
30/05/2022, 15:37:35 - ERROR - Failed to get boards | {}
30/05/2022, 15:38:26 - INFO - Server is running on port: 3030
30/05/2022, 15:38:27 - INFO - Req was made
30/05/2022, 15:38:27 - DEBUG - Getting Boards
30/05/2022, 15:39:53 - INFO - Req was made
30/05/2022, 15:39:53 - DEBUG - Getting Boards
30/05/2022, 15:40:11 - INFO - Req was made
30/05/2022, 15:40:11 - DEBUG - Getting Boards
30/05/2022, 15:40:27 - INFO - Req was made
30/05/2022, 15:40:27 - DEBUG - Getting Boards
30/05/2022, 15:40:50 - INFO - Server is running on port: 3030
30/05/2022, 15:40:50 - INFO - Req was made
30/05/2022, 15:40:50 - DEBUG - Getting Boards
30/05/2022, 15:43:17 - INFO - Server is running on port: 3030
30/05/2022, 15:43:20 - INFO - Server is running on port: 3030
30/05/2022, 15:43:23 - INFO - Req was made
30/05/2022, 15:43:23 - DEBUG - Getting Boards
30/05/2022, 15:44:55 - INFO - Server is running on port: 3030
30/05/2022, 15:44:59 - INFO - Req was made
30/05/2022, 15:44:59 - DEBUG - Getting Boards
30/05/2022, 15:45:04 - INFO - Server is running on port: 3030
30/05/2022, 15:45:15 - INFO - Server is running on port: 3030
30/05/2022, 15:45:23 - INFO - Server is running on port: 3030
30/05/2022, 15:45:56 - INFO - Server is running on port: 3030
30/05/2022, 15:45:57 - INFO - Req was made
30/05/2022, 15:45:57 - DEBUG - Getting Boards
30/05/2022, 15:46:10 - INFO - Server is running on port: 3030
30/05/2022, 15:46:11 - INFO - Req was made
30/05/2022, 15:46:11 - DEBUG - Getting Boards
30/05/2022, 15:47:43 - INFO - Server is running on port: 3030
30/05/2022, 15:47:47 - INFO - Req was made
30/05/2022, 15:47:47 - DEBUG - Getting Boards
30/05/2022, 15:47:48 - ERROR - cannot find boards | {}
30/05/2022, 15:47:48 - ERROR - Failed to get boards | {}
30/05/2022, 15:48:00 - INFO - Server is running on port: 3030
30/05/2022, 15:48:29 - INFO - Req was made
30/05/2022, 15:48:29 - DEBUG - Getting Boards
30/05/2022, 15:50:20 - INFO - Req was made
30/05/2022, 15:50:20 - DEBUG - Getting Boards
30/05/2022, 15:50:28 - INFO - Req was made
30/05/2022, 15:50:28 - DEBUG - Getting Boards
30/05/2022, 15:50:44 - INFO - Req was made
30/05/2022, 15:50:44 - DEBUG - Getting Boards
30/05/2022, 15:50:46 - INFO - Req was made
30/05/2022, 15:50:46 - DEBUG - Getting Boards
30/05/2022, 15:51:19 - INFO - Req was made
30/05/2022, 15:51:19 - DEBUG - Getting Boards
30/05/2022, 15:51:30 - INFO - Server is running on port: 3030
30/05/2022, 15:51:31 - INFO - Req was made
30/05/2022, 15:51:31 - DEBUG - Getting Boards
30/05/2022, 15:51:42 - INFO - Server is running on port: 3030
30/05/2022, 15:51:42 - INFO - Req was made
30/05/2022, 15:51:42 - DEBUG - Getting Boards
30/05/2022, 15:51:43 - ERROR - Failed to get boards | {}
30/05/2022, 15:51:48 - INFO - Server is running on port: 3030
30/05/2022, 15:51:49 - INFO - Req was made
30/05/2022, 15:51:49 - DEBUG - Getting Boards
30/05/2022, 15:53:14 - INFO - Server is running on port: 3030
30/05/2022, 15:53:20 - INFO - Req was made
30/05/2022, 15:53:20 - DEBUG - Getting Boards
30/05/2022, 15:54:02 - INFO - Req was made
30/05/2022, 15:54:02 - DEBUG - Getting Boards
30/05/2022, 15:54:33 - INFO - Server is running on port: 3030
30/05/2022, 15:54:38 - INFO - Req was made
30/05/2022, 15:54:38 - DEBUG - Getting Boards
30/05/2022, 16:22:43 - INFO - Req was made
30/05/2022, 16:22:43 - DEBUG - Getting Boards
30/05/2022, 17:02:24 - INFO - Req was made
30/05/2022, 17:02:24 - DEBUG - Getting Boards
30/05/2022, 22:09:40 - INFO - Server is running on port: 3030
30/05/2022, 22:15:42 - INFO - Server is running on port: 3030
30/05/2022, 22:15:56 - INFO - Server is running on port: 3030
30/05/2022, 22:16:21 - INFO - Server is running on port: 3030
30/05/2022, 22:19:21 - INFO - Server is running on port: 3030
30/05/2022, 22:45:17 - INFO - Server is running on port: 3030
30/05/2022, 22:49:44 - INFO - Server is running on port: 3030
30/05/2022, 22:55:12 - INFO - Server is running on port: 3030
30/05/2022, 22:57:35 - INFO - Server is running on port: 3030
30/05/2022, 23:01:05 - INFO - Server is running on port: 3030
30/05/2022, 23:03:08 - INFO - Server is running on port: 3030
30/05/2022, 23:03:38 - INFO - Server is running on port: 3030
30/05/2022, 23:05:25 - INFO - Server is running on port: 3030
30/05/2022, 23:06:40 - INFO - Server is running on port: 3030
30/05/2022, 23:07:46 - INFO - Server is running on port: 3030
30/05/2022, 23:20:42 - INFO - Server is running on port: 3030
30/05/2022, 23:30:09 - INFO - Server is running on port: 3030
30/05/2022, 23:34:11 - INFO - Server is running on port: 3030
30/05/2022, 23:34:31 - INFO - Server is running on port: 3030
30/05/2022, 23:35:55 - INFO - Server is running on port: 3030
30/05/2022, 23:35:57 - INFO - Server is running on port: 3030
30/05/2022, 23:38:25 - INFO - Server is running on port: 3030
30/05/2022, 23:38:42 - INFO - Server is running on port: 3030
30/05/2022, 23:40:07 - INFO - Server is running on port: 3030
30/05/2022, 23:41:03 - INFO - Server is running on port: 3030
30/05/2022, 23:41:13 - ERROR - while finding board undefined | {}
30/05/2022, 23:41:13 - ERROR - Failed to get board | {}
30/05/2022, 23:41:13 - ERROR - while finding board undefined | {}
30/05/2022, 23:41:13 - ERROR - Failed to get board | {}
30/05/2022, 23:41:13 - ERROR - while finding board undefined | {}
30/05/2022, 23:41:13 - ERROR - Failed to get board | {}
30/05/2022, 23:41:13 - ERROR - while finding board undefined | {}
30/05/2022, 23:41:13 - ERROR - Failed to get board | {}
30/05/2022, 23:41:13 - ERROR - while finding board undefined | {}
30/05/2022, 23:41:13 - ERROR - Failed to get board | {}
30/05/2022, 23:41:13 - ERROR - while finding board undefined | {}
30/05/2022, 23:41:13 - ERROR - Failed to get board | {}
30/05/2022, 23:41:13 - ERROR - while finding board undefined | {}
30/05/2022, 23:41:13 - ERROR - Failed to get board | {}
30/05/2022, 23:41:13 - ERROR - while finding board undefined | {}
30/05/2022, 23:41:13 - ERROR - Failed to get board | {}
30/05/2022, 23:41:13 - ERROR - while finding board undefined | {}
30/05/2022, 23:41:13 - ERROR - Failed to get board | {}
30/05/2022, 23:41:13 - ERROR - while finding board undefined | {}
30/05/2022, 23:41:13 - ERROR - Failed to get board | {}
30/05/2022, 23:41:13 - ERROR - while finding board undefined | {}
30/05/2022, 23:41:13 - ERROR - Failed to get board | {}
30/05/2022, 23:41:13 - ERROR - while finding board undefined | {}
30/05/2022, 23:41:13 - ERROR - Failed to get board | {}
30/05/2022, 23:41:13 - ERROR - while finding board undefined | {}
30/05/2022, 23:41:13 - ERROR - Failed to get board | {}
30/05/2022, 23:41:13 - ERROR - while finding board undefined | {}
30/05/2022, 23:41:13 - ERROR - Failed to get board | {}
30/05/2022, 23:41:13 - ERROR - while finding board undefined | {}
30/05/2022, 23:41:13 - ERROR - Failed to get board | {}
30/05/2022, 23:41:13 - ERROR - while finding board undefined | {}
30/05/2022, 23:41:13 - ERROR - Failed to get board | {}
30/05/2022, 23:41:13 - ERROR - while finding board undefined | {}
30/05/2022, 23:41:13 - ERROR - Failed to get board | {}
30/05/2022, 23:41:13 - ERROR - while finding board undefined | {}
30/05/2022, 23:41:13 - ERROR - Failed to get board | {}
30/05/2022, 23:41:13 - ERROR - while finding board undefined | {}
30/05/2022, 23:41:13 - ERROR - Failed to get board | {}
30/05/2022, 23:41:13 - ERROR - while finding board undefined | {}
30/05/2022, 23:41:13 - ERROR - Failed to get board | {}
30/05/2022, 23:41:13 - ERROR - while finding board undefined | {}
30/05/2022, 23:41:13 - ERROR - Failed to get board | {}
30/05/2022, 23:41:13 - ERROR - while finding board undefined | {}
30/05/2022, 23:41:13 - ERROR - Failed to get board | {}
30/05/2022, 23:48:41 - INFO - Server is running on port: 3030
30/05/2022, 23:48:47 - ERROR - while finding board undefined | {}
30/05/2022, 23:48:47 - ERROR - Failed to get board | {}
30/05/2022, 23:48:47 - ERROR - while finding board undefined | {}
30/05/2022, 23:48:47 - ERROR - Failed to get board | {}
30/05/2022, 23:48:47 - ERROR - while finding board undefined | {}
30/05/2022, 23:48:47 - ERROR - Failed to get board | {}
30/05/2022, 23:48:47 - ERROR - while finding board undefined | {}
30/05/2022, 23:48:47 - ERROR - Failed to get board | {}
30/05/2022, 23:48:47 - ERROR - while finding board undefined | {}
30/05/2022, 23:48:47 - ERROR - Failed to get board | {}
30/05/2022, 23:48:47 - ERROR - while finding board undefined | {}
30/05/2022, 23:48:47 - ERROR - Failed to get board | {}
30/05/2022, 23:48:47 - ERROR - while finding board undefined | {}
30/05/2022, 23:48:47 - ERROR - Failed to get board | {}
30/05/2022, 23:48:48 - ERROR - while finding board undefined | {}
30/05/2022, 23:48:48 - ERROR - Failed to get board | {}
30/05/2022, 23:48:48 - ERROR - while finding board undefined | {}
30/05/2022, 23:48:48 - ERROR - Failed to get board | {}
30/05/2022, 23:48:48 - ERROR - while finding board undefined | {}
30/05/2022, 23:48:48 - ERROR - Failed to get board | {}
30/05/2022, 23:48:48 - ERROR - while finding board undefined | {}
30/05/2022, 23:48:48 - ERROR - Failed to get board | {}
30/05/2022, 23:48:48 - ERROR - while finding board undefined | {}
30/05/2022, 23:48:48 - ERROR - Failed to get board | {}
30/05/2022, 23:48:48 - ERROR - while finding board undefined | {}
30/05/2022, 23:48:48 - ERROR - Failed to get board | {}
30/05/2022, 23:48:48 - ERROR - while finding board undefined | {}
30/05/2022, 23:48:48 - ERROR - Failed to get board | {}
30/05/2022, 23:48:48 - ERROR - while finding board undefined | {}
30/05/2022, 23:48:48 - ERROR - Failed to get board | {}
30/05/2022, 23:48:48 - ERROR - while finding board undefined | {}
30/05/2022, 23:48:48 - ERROR - Failed to get board | {}
30/05/2022, 23:48:48 - ERROR - while finding board undefined | {}
30/05/2022, 23:48:48 - ERROR - Failed to get board | {}
30/05/2022, 23:48:48 - ERROR - while finding board undefined | {}
30/05/2022, 23:48:48 - ERROR - Failed to get board | {}
30/05/2022, 23:48:48 - ERROR - while finding board undefined | {}
30/05/2022, 23:48:48 - ERROR - Failed to get board | {}
30/05/2022, 23:48:48 - ERROR - while finding board undefined | {}
30/05/2022, 23:48:48 - ERROR - Failed to get board | {}
30/05/2022, 23:48:48 - ERROR - while finding board undefined | {}
30/05/2022, 23:48:48 - ERROR - Failed to get board | {}
30/05/2022, 23:48:48 - ERROR - while finding board undefined | {}
30/05/2022, 23:48:48 - ERROR - Failed to get board | {}
30/05/2022, 23:49:38 - ERROR - while finding board undefined | {}
30/05/2022, 23:49:38 - ERROR - Failed to get board | {}
30/05/2022, 23:49:38 - ERROR - while finding board undefined | {}
30/05/2022, 23:49:38 - ERROR - Failed to get board | {}
30/05/2022, 23:49:38 - ERROR - while finding board undefined | {}
30/05/2022, 23:49:38 - ERROR - Failed to get board | {}
30/05/2022, 23:49:38 - ERROR - while finding board undefined | {}
30/05/2022, 23:49:38 - ERROR - Failed to get board | {}
30/05/2022, 23:49:38 - ERROR - while finding board undefined | {}
30/05/2022, 23:49:38 - ERROR - Failed to get board | {}
30/05/2022, 23:49:38 - ERROR - while finding board undefined | {}
30/05/2022, 23:49:38 - ERROR - Failed to get board | {}
30/05/2022, 23:49:38 - ERROR - while finding board undefined | {}
30/05/2022, 23:49:38 - ERROR - Failed to get board | {}
30/05/2022, 23:49:38 - ERROR - while finding board undefined | {}
30/05/2022, 23:49:38 - ERROR - Failed to get board | {}
30/05/2022, 23:49:38 - ERROR - while finding board undefined | {}
30/05/2022, 23:49:38 - ERROR - Failed to get board | {}
30/05/2022, 23:49:38 - ERROR - while finding board undefined | {}
30/05/2022, 23:49:38 - ERROR - Failed to get board | {}
30/05/2022, 23:49:38 - ERROR - while finding board undefined | {}
30/05/2022, 23:49:38 - ERROR - Failed to get board | {}
30/05/2022, 23:49:38 - ERROR - while finding board undefined | {}
30/05/2022, 23:49:38 - ERROR - Failed to get board | {}
30/05/2022, 23:49:38 - ERROR - while finding board undefined | {}
30/05/2022, 23:49:38 - ERROR - Failed to get board | {}
30/05/2022, 23:49:38 - ERROR - while finding board undefined | {}
30/05/2022, 23:49:38 - ERROR - Failed to get board | {}
30/05/2022, 23:49:38 - ERROR - while finding board undefined | {}
30/05/2022, 23:49:38 - ERROR - Failed to get board | {}
30/05/2022, 23:49:38 - ERROR - while finding board undefined | {}
30/05/2022, 23:49:38 - ERROR - Failed to get board | {}
30/05/2022, 23:49:38 - ERROR - while finding board undefined | {}
30/05/2022, 23:49:38 - ERROR - Failed to get board | {}
30/05/2022, 23:49:38 - ERROR - while finding board undefined | {}
30/05/2022, 23:49:38 - ERROR - Failed to get board | {}
30/05/2022, 23:49:38 - ERROR - while finding board undefined | {}
30/05/2022, 23:49:38 - ERROR - Failed to get board | {}
30/05/2022, 23:49:38 - ERROR - while finding board undefined | {}
30/05/2022, 23:49:38 - ERROR - Failed to get board | {}
30/05/2022, 23:49:38 - ERROR - while finding board undefined | {}
30/05/2022, 23:49:38 - ERROR - Failed to get board | {}
30/05/2022, 23:49:38 - ERROR - while finding board undefined | {}
30/05/2022, 23:49:38 - ERROR - Failed to get board | {}
31/05/2022, 0:28:36 - INFO - Server is running on port: 3030
31/05/2022, 0:53:37 - ERROR - while finding board b101 | {}
31/05/2022, 0:53:37 - ERROR - Failed to get board | {}
31/05/2022, 0:53:49 - ERROR - while finding board b101 | {}
31/05/2022, 0:53:49 - ERROR - Failed to get board | {}
5/31/2022, 1:12:38 AM - INFO - Server is running on port: 3030
31/05/2022, 17:58:28 - DEBUG - auth.service - login with email: offircarmi@gmail.com
31/05/2022, 17:58:28 - ERROR - Failed to Login Invalid email or password
31/05/2022, 18:22:44 - INFO - Server is running on port: 3030
31/05/2022, 18:22:58 - DEBUG - auth.service - login with email: offircarmi@gmail.com
31/05/2022, 18:23:00 - ERROR - Failed to Login Invalid email or password
31/05/2022, 18:23:23 - INFO - Server is running on port: 3030
31/05/2022, 18:23:47 - INFO - Server is running on port: 3030
31/05/2022, 18:24:25 - DEBUG - auth.service - login with email: offircarmi@gmail.com
31/05/2022, 18:24:27 - ERROR - Failed to Login Invalid email or password
31/05/2022, 18:25:00 - INFO - Server is running on port: 3030
31/05/2022, 18:25:30 - INFO - Server is running on port: 3030
31/05/2022, 18:26:42 - INFO - Server is running on port: 3030
31/05/2022, 18:26:51 - DEBUG - auth.service - login with email: offircarmi@gmail.com
31/05/2022, 18:26:52 - ERROR - Failed to Login Invalid email or password
31/05/2022, 18:27:12 - INFO - Server is running on port: 3030
31/05/2022, 18:27:57 - INFO - Server is running on port: 3030
31/05/2022, 18:28:11 - DEBUG - auth.service - login with email: offircarmi@gmail.com
31/05/2022, 18:28:13 - ERROR - Failed to Login Invalid email or password
31/05/2022, 18:29:08 - INFO - Server is running on port: 3030
31/05/2022, 18:29:19 - DEBUG - auth.service - login with email: offircarmi@gmail.com
31/05/2022, 18:29:21 - ERROR - Failed to Login Invalid email or password
31/05/2022, 18:30:39 - INFO - Server is running on port: 3030
31/05/2022, 18:42:27 - DEBUG - auth.service - signup with email: offircarmi@gmail.com, fullname: Offir undefined
31/05/2022, 18:42:27 - ERROR - Failed to signup all form fields are required!
31/05/2022, 18:43:16 - DEBUG - auth.service - signup with email: offircarmi@gmail.com, fullname: Offir undefined
31/05/2022, 18:43:16 - ERROR - Failed to signup all form fields are required!
31/05/2022, 18:45:35 - DEBUG - auth.service - signup with email: , fullname:  
31/05/2022, 18:45:35 - ERROR - Failed to signup all form fields are required!
31/05/2022, 18:45:35 - DEBUG - auth.service - signup with email: , fullname:  
31/05/2022, 18:45:35 - ERROR - Failed to signup all form fields are required!
31/05/2022, 18:47:09 - INFO - Server is running on port: 3030
31/05/2022, 18:47:24 - DEBUG - auth.service - signup with email: offircarmi@gmail.com, fullname: Offir undefined
31/05/2022, 18:47:24 - ERROR - Failed to signup all form fields are required!
31/05/2022, 18:49:53 - INFO - Server is running on port: 3030
31/05/2022, 18:50:43 - INFO - Server is running on port: 3030
31/05/2022, 18:51:04 - DEBUG - auth.route - new account created: undefined
31/05/2022, 18:51:04 - DEBUG - auth.service - login with email: offircarmi@gmail.com
31/05/2022, 18:51:04 - ERROR - Failed to signup Invalid email or password
31/05/2022, 18:52:34 - INFO - Server is running on port: 3030
31/05/2022, 18:55:24 - INFO - Server is running on port: 3030
31/05/2022, 18:56:06 - INFO - Server is running on port: 3030
31/05/2022, 18:58:35 - INFO - Server is running on port: 3030
31/05/2022, 18:58:35 - ERROR - Failed to signup ReferenceError: Cannot access 'email' before initialization
31/05/2022, 18:58:46 - INFO - Server is running on port: 3030
31/05/2022, 18:58:59 - ERROR - Failed to signup ReferenceError: Cannot access 'email' before initialization
31/05/2022, 18:59:32 - INFO - Server is running on port: 3030
31/05/2022, 18:59:45 - ERROR - Failed to signup ReferenceError: email is not defined
31/05/2022, 19:00:09 - INFO - Server is running on port: 3030
31/05/2022, 19:01:08 - ERROR - Failed to signup ReferenceError: email is not defined
31/05/2022, 19:01:34 - INFO - Server is running on port: 3030
31/05/2022, 19:02:02 - ERROR - Failed to signup ReferenceError: email is not defined
31/05/2022, 19:02:02 - ERROR - Failed to signup ReferenceError: email is not defined
31/05/2022, 19:02:11 - INFO - Server is running on port: 3030
31/05/2022, 19:02:18 - INFO - Server is running on port: 3030
31/05/2022, 19:02:31 - INFO - Server is running on port: 3030
31/05/2022, 19:02:41 - ERROR - Failed to signup ReferenceError: Cannot access 'email' before initialization
31/05/2022, 19:02:58 - INFO - Server is running on port: 3030
31/05/2022, 19:03:08 - ERROR - Failed to signup ReferenceError: Cannot access 'email' before initialization
31/05/2022, 19:03:40 - INFO - Server is running on port: 3030
31/05/2022, 19:03:48 - ERROR - Failed to signup ReferenceError: Cannot access 'email' before initialization
31/05/2022, 19:04:07 - INFO - Server is running on port: 3030
31/05/2022, 19:04:19 - ERROR - Failed to signup ReferenceError: Cannot access 'email' before initialization
31/05/2022, 19:05:20 - INFO - Server is running on port: 3030
31/05/2022, 19:05:47 - INFO - Server is running on port: 3030
31/05/2022, 19:05:58 - INFO - Server is running on port: 3030
31/05/2022, 19:08:41 - INFO - Server is running on port: 3030
31/05/2022, 19:10:55 - INFO - Server is running on port: 3030
31/05/2022, 19:10:56 - ERROR - Failed to signup ReferenceError: email is not defined
31/05/2022, 19:11:07 - INFO - Server is running on port: 3030
31/05/2022, 19:11:37 - INFO - Server is running on port: 3030
31/05/2022, 19:12:17 - INFO - Server is running on port: 3030
31/05/2022, 19:12:36 - ERROR - Failed to signup ReferenceError: email is not defined
31/05/2022, 19:12:36 - ERROR - Failed to signup ReferenceError: email is not defined
31/05/2022, 19:12:47 - INFO - Server is running on port: 3030
31/05/2022, 19:12:56 - ERROR - Failed to signup ReferenceError: email is not defined
31/05/2022, 19:14:45 - INFO - Server is running on port: 3030
31/05/2022, 19:15:42 - INFO - Server is running on port: 3030
31/05/2022, 19:16:25 - INFO - Server is running on port: 3030
31/05/2022, 19:17:38 - INFO - Server is running on port: 3030
31/05/2022, 19:17:38 - ERROR - Failed to signup ReferenceError: email is not defined
31/05/2022, 19:17:49 - INFO - Server is running on port: 3030
31/05/2022, 19:18:14 - ERROR - Failed to signup ReferenceError: email is not defined
31/05/2022, 19:20:10 - ERROR - Failed to signup ReferenceError: email is not defined
31/05/2022, 19:20:29 - ERROR - Failed to signup ReferenceError: email is not defined
31/05/2022, 19:20:45 - INFO - Server is running on port: 3030
31/05/2022, 19:20:59 - DEBUG - auth.service - signup with email: offircarmi@gmail.com
31/05/2022, 19:22:44 - INFO - Server is running on port: 3030
31/05/2022, 19:22:44 - DEBUG - auth.service - signup with email: offircarmi@gmail.com
31/05/2022, 19:23:08 - INFO - Server is running on port: 3030
31/05/2022, 19:23:24 - INFO - Server is running on port: 3030
31/05/2022, 19:24:03 - INFO - Server is running on port: 3030
31/05/2022, 19:24:28 - DEBUG - auth.service - signup with email: offircarmi@gmail.com
31/05/2022, 19:29:08 - INFO - Server is running on port: 3030
31/05/2022, 19:29:08 - DEBUG - auth.service - signup with email: offircarmi@gmail.com
31/05/2022, 19:29:10 - DEBUG - auth.route - new account created: {"email":"offircarmi@gmail.com","password":null,"firstName":"Offir","color":"#20E209","googleId":"110953136490110739603","_id":"6296425614ab8576d8efd199"}
31/05/2022, 19:29:10 - DEBUG - auth.service - login with email: [object Object]
31/05/2022, 19:29:10 - ERROR - Failed to signup Invalid email or password
31/05/2022, 19:29:49 - INFO - Server is running on port: 3030
31/05/2022, 19:31:24 - DEBUG - auth.service - signup with email: offircarmi@gmail.com
31/05/2022, 19:31:24 - DEBUG - auth.route - new account created: {"email":"offircarmi@gmail.com","password":null,"firstName":"Offir","color":"#6BFA0B","googleId":"110953136490110739603","_id":"629642dc98bc966d3034068d"}
31/05/2022, 19:31:24 - ERROR - Failed to signup Error: value must not be null or undefined
31/05/2022, 19:35:55 - INFO - Server is running on port: 3030
31/05/2022, 19:36:58 - DEBUG - auth.service - signup with email: offircarmi@gmail.com
31/05/2022, 19:36:59 - DEBUG - auth.route - new account created: {"email":"offircarmi@gmail.com","password":null,"firstName":"Offir","color":"#932C7A","googleId":"110953136490110739603","_id":"6296442ab771898af43b34c2"}
31/05/2022, 19:36:59 - ERROR - Failed to signup ReferenceError: email is not defined
31/05/2022, 19:38:03 - INFO - Server is running on port: 3030
31/05/2022, 19:38:26 - DEBUG - auth.service - signup with email: offircarmi@gmail.com
31/05/2022, 19:38:26 - DEBUG - auth.route - new account created: {"email":"offircarmi@gmail.com","password":null,"firstName":"Offir","color":"#CC9813","googleId":"110953136490110739603","_id":"629644820f98c56b14d0f675"}
31/05/2022, 19:38:26 - DEBUG - auth.service - login with email: offircarmi@gmail.com
31/05/2022, 19:38:26 - INFO - User login:  | {"_id":"629644820f98c56b14d0f675","email":"offircarmi@gmail.com","password":null,"firstName":"Offir","lastName":null,"color":"#CC9813","googleId":"110953136490110739603"}
31/05/2022, 19:39:49 - DEBUG - auth.service - signup with email: offircarmi@gmail.com
31/05/2022, 19:39:49 - DEBUG - auth.route - new account created: {"email":"offircarmi@gmail.com","password":null,"firstName":"Offir","color":"#B6DB3F","googleId":"110953136490110739603","_id":"629644d50f98c56b14d0f676"}
31/05/2022, 19:39:49 - DEBUG - auth.service - login with email: offircarmi@gmail.com
31/05/2022, 19:39:49 - INFO - User login:  | {"_id":"629644d50f98c56b14d0f676","email":"offircarmi@gmail.com","password":null,"firstName":"Offir","lastName":null,"color":"#B6DB3F","googleId":"110953136490110739603"}
31/05/2022, 19:41:36 - DEBUG - auth.service - signup with email: offircarmi@gmail.com
31/05/2022, 19:41:36 - DEBUG - auth.route - new account created: {"email":"offircarmi@gmail.com","password":null,"firstName":"Offir","color":"#85C930","googleId":"110953136490110739603","_id":"629645400f98c56b14d0f677"}
31/05/2022, 19:41:36 - DEBUG - auth.service - login with email: offircarmi@gmail.com
31/05/2022, 19:41:36 - INFO - User login:  | {"_id":"629645400f98c56b14d0f677","email":"offircarmi@gmail.com","password":null,"firstName":"Offir","lastName":null,"color":"#85C930","googleId":"110953136490110739603"}
31/05/2022, 19:57:33 - DEBUG - auth.service - login with email: undefined
31/05/2022, 19:57:33 - ERROR - Failed to Login Invalid email or password
31/05/2022, 19:58:22 - INFO - Server is running on port: 3030
31/05/2022, 19:59:11 - INFO - Server is running on port: 3030
31/05/2022, 20:00:03 - INFO - Server is running on port: 3030
31/05/2022, 20:00:03 - DEBUG - auth.service - login with email: offircarmi@gmail.com
31/05/2022, 20:00:04 - INFO - User login:  | {"_id":"629645400f98c56b14d0f677","email":"offircarmi@gmail.com","password":null,"firstName":"Offir","lastName":null,"color":"#85C930","googleId":"110953136490110739603"}
31/05/2022, 20:00:47 - INFO - Server is running on port: 3030
31/05/2022, 20:01:56 - INFO - Server is running on port: 3030
31/05/2022, 20:02:34 - DEBUG - auth.service - login with email: offircarmi@gmail.com
31/05/2022, 20:02:34 - INFO - User login:  | {"_id":"629645400f98c56b14d0f677","email":"offircarmi@gmail.com","firstName":"Offir","lastName":null,"color":"#85C930","googleId":"110953136490110739603"}
31/05/2022, 20:03:43 - INFO - Server is running on port: 3030
31/05/2022, 20:03:52 - DEBUG - auth.service - signup with email: offirca@hotmail.com
31/05/2022, 20:03:52 - DEBUG - auth.route - new account created: undefined
31/05/2022, 20:03:52 - DEBUG - auth.service - login with email: offirca@hotmail.com
31/05/2022, 20:03:54 - ERROR - Failed to signup Invalid email or password
31/05/2022, 20:03:54 - DEBUG - auth.service - signup with email: offirca@hotmail.com
31/05/2022, 20:03:54 - DEBUG - auth.route - new account created: undefined
31/05/2022, 20:03:54 - DEBUG - auth.service - login with email: offirca@hotmail.com
31/05/2022, 20:03:54 - ERROR - Failed to signup Invalid email or password
31/05/2022, 20:05:43 - INFO - Server is running on port: 3030
31/05/2022, 20:06:00 - DEBUG - auth.service - login with email: offircarmi@gmail.com
31/05/2022, 20:06:00 - INFO - User login:  | {"_id":"629645400f98c56b14d0f677","email":"offircarmi@gmail.com","firstName":"Offir","lastName":null,"color":"#85C930","googleId":"110953136490110739603"}
31/05/2022, 20:06:32 - INFO - Server is running on port: 3030
31/05/2022, 20:06:33 - DEBUG - auth.service - signup with email: offirca@hotmail.com
31/05/2022, 20:06:49 - INFO - Server is running on port: 3030
31/05/2022, 20:06:59 - INFO - Server is running on port: 3030
31/05/2022, 20:07:22 - DEBUG - auth.service - signup with email: offirca@hotmail.com
31/05/2022, 20:09:05 - INFO - Server is running on port: 3030
31/05/2022, 20:09:05 - DEBUG - auth.service - signup with email: offirca@hotmail.com
31/05/2022, 20:09:47 - INFO - Server is running on port: 3030
31/05/2022, 20:10:41 - DEBUG - auth.service - signup with email: offirca@hotmail.com
31/05/2022, 20:10:43 - DEBUG - auth.route - new account created: {"email":"offirca@hotmail.com","password":"123","firstName":"אופיר","lastName":"כרמי","color":"#7AF954","googleId":null,"_id":"62964c12015fd33ab4002af1"}
31/05/2022, 20:10:43 - DEBUG - auth.service - login with email: offirca@hotmail.com
31/05/2022, 20:10:43 - ERROR - Failed to signup Invalid email or password
31/05/2022, 20:10:43 - DEBUG - auth.service - signup with email: offirca@hotmail.com
31/05/2022, 20:10:43 - DEBUG - auth.route - new account created: {"email":"offirca@hotmail.com","password":"123","firstName":"אופיר","lastName":"כרמי","color":"#807E45","googleId":null,"_id":"62964c13015fd33ab4002af2"}
31/05/2022, 20:10:43 - DEBUG - auth.service - login with email: offirca@hotmail.com
31/05/2022, 20:10:43 - ERROR - Failed to signup Invalid email or password
31/05/2022, 20:11:30 - INFO - Server is running on port: 3030
31/05/2022, 20:11:59 - INFO - Server is running on port: 3030
31/05/2022, 20:13:56 - DEBUG - auth.service - signup with email: offirca@hotmail.com
31/05/2022, 20:13:58 - DEBUG - auth.route - new account created: {"email":"offirca@hotmail.com","password":"123","firstName":"אופיר","lastName":"כרמי","color":"#2F1CBC","googleId":null,"_id":"62964cd68408c1707449ec7d"}
31/05/2022, 20:13:58 - DEBUG - auth.service - login with email: offirca@hotmail.com
31/05/2022, 20:13:58 - ERROR - Failed to signup Invalid email or password
31/05/2022, 20:13:58 - DEBUG - auth.service - signup with email: offirca@hotmail.com
31/05/2022, 20:13:58 - DEBUG - auth.route - new account created: {"email":"offirca@hotmail.com","password":"123","firstName":"אופיר","lastName":"כרמי","color":"#CE2AB4","googleId":null,"_id":"62964cd68408c1707449ec7e"}
31/05/2022, 20:13:58 - DEBUG - auth.service - login with email: offirca@hotmail.com
31/05/2022, 20:13:58 - ERROR - Failed to signup Invalid email or password
31/05/2022, 20:16:13 - INFO - Server is running on port: 3030
31/05/2022, 20:17:35 - INFO - Server is running on port: 3030
31/05/2022, 20:17:35 - DEBUG - auth.service - signup with email: offirca@hotmail.com
31/05/2022, 20:17:37 - DEBUG - auth.route - new account created: {"email":"offirca@hotmail.com","password":"123","firstName":"אופיר","lastName":"כרמי","color":"#8E4FC2","googleId":null,"_id":"62964db161b0df368ca99f97"}
31/05/2022, 20:17:37 - DEBUG - auth.service - login with email: offirca@hotmail.com
31/05/2022, 20:17:38 - ERROR - Failed to signup Invalid email or password
31/05/2022, 20:18:18 - DEBUG - auth.service - signup with email: offirca@hotmail.com
31/05/2022, 20:18:19 - DEBUG - auth.route - new account created: {"email":"offirca@hotmail.com","password":"123","firstName":"אופיר","lastName":"כרמי","color":"#A8C778","googleId":null,"_id":"62964dda61b0df368ca99f98"}
31/05/2022, 20:18:19 - DEBUG - auth.service - login with email: offirca@hotmail.com
31/05/2022, 20:18:19 - ERROR - Failed to signup Invalid email or password
31/05/2022, 20:18:19 - DEBUG - auth.service - signup with email: offirca@hotmail.com
31/05/2022, 20:18:19 - DEBUG - auth.route - new account created: {"email":"offirca@hotmail.com","password":"123","firstName":"אופיר","lastName":"כרמי","color":"#DBA891","googleId":null,"_id":"62964ddb61b0df368ca99f99"}
31/05/2022, 20:18:19 - DEBUG - auth.service - login with email: offirca@hotmail.com
31/05/2022, 20:18:19 - ERROR - Failed to signup Invalid email or password
31/05/2022, 20:20:06 - INFO - Server is running on port: 3030
31/05/2022, 20:20:52 - INFO - Server is running on port: 3030
31/05/2022, 20:21:40 - DEBUG - auth.service - signup with email: offirca@hotmail.com
31/05/2022, 20:21:42 - DEBUG - auth.route - new account created: {"email":"offirca@hotmail.com","password":"123","firstName":"אופיר","lastName":"כרמי","color":"#3EEB6B","googleId":null,"_id":"62964ea51b1f4e1ad015ee43"}
31/05/2022, 20:21:42 - DEBUG - auth.service - login with email: offirca@hotmail.com
31/05/2022, 20:21:42 - ERROR - Failed to signup Invalid email or password
31/05/2022, 20:21:42 - DEBUG - auth.service - signup with email: offirca@hotmail.com
31/05/2022, 20:21:42 - DEBUG - auth.route - new account created: {"email":"offirca@hotmail.com","password":"123","firstName":"אופיר","lastName":"כרמי","color":"#E0DFE1","googleId":null,"_id":"62964ea61b1f4e1ad015ee44"}
31/05/2022, 20:21:42 - DEBUG - auth.service - login with email: offirca@hotmail.com
31/05/2022, 20:21:42 - ERROR - Failed to signup Invalid email or password
31/05/2022, 20:22:12 - INFO - Server is running on port: 3030
31/05/2022, 20:25:02 - INFO - Server is running on port: 3030
31/05/2022, 20:25:41 - DEBUG - auth.service - signup with email: offirca@hotmail.com
31/05/2022, 20:25:43 - DEBUG - auth.route - new account created: {"email":"offirca@hotmail.com","password":"123","firstName":"אופיר","lastName":"כרמי","color":"#BE8FBB","googleId":null,"_id":"62964f97e879e773204448ea"}
31/05/2022, 20:25:43 - DEBUG - auth.service - login with email: offirca@hotmail.com
31/05/2022, 20:25:43 - ERROR - Failed to signup Invalid email or password
31/05/2022, 20:25:43 - DEBUG - auth.service - signup with email: offirca@hotmail.com
31/05/2022, 20:25:43 - DEBUG - auth.route - new account created: {"email":"offirca@hotmail.com","password":"123","firstName":"אופיר","lastName":"כרמי","color":"#D72B3C","googleId":null,"_id":"62964f97e879e773204448eb"}
31/05/2022, 20:25:43 - DEBUG - auth.service - login with email: offirca@hotmail.com
31/05/2022, 20:25:44 - ERROR - Failed to signup Invalid email or password
31/05/2022, 20:26:27 - INFO - Server is running on port: 3030
31/05/2022, 20:27:03 - INFO - Server is running on port: 3030
31/05/2022, 20:27:14 - DEBUG - auth.service - signup with email: offirca@hotmail.com
31/05/2022, 20:27:16 - DEBUG - auth.route - new account created: {"email":"offirca@hotmail.com","password":"123","firstName":"אופיר","lastName":"כרמי","color":"#526E4B","googleId":null,"_id":"62964ff4b9a7dd05e0c2f3bc"}
31/05/2022, 20:27:16 - DEBUG - auth.service - login with email: offirca@hotmail.com
31/05/2022, 20:27:16 - ERROR - Failed to signup Invalid email or password
31/05/2022, 20:27:16 - DEBUG - auth.service - signup with email: offirca@hotmail.com
31/05/2022, 20:27:16 - DEBUG - auth.route - new account created: {"email":"offirca@hotmail.com","password":"123","firstName":"אופיר","lastName":"כרמי","color":"#4A7ADB","googleId":null,"_id":"62964ff4b9a7dd05e0c2f3bd"}
31/05/2022, 20:27:16 - DEBUG - auth.service - login with email: offirca@hotmail.com
31/05/2022, 20:27:16 - ERROR - Failed to signup Invalid email or password
31/05/2022, 20:27:44 - INFO - Server is running on port: 3030
31/05/2022, 20:29:06 - INFO - Server is running on port: 3030
31/05/2022, 20:29:30 - DEBUG - auth.service - signup with email: offirca@hotmail.com
31/05/2022, 20:29:30 - DEBUG - auth.route - new account created: undefined
31/05/2022, 20:29:30 - DEBUG - auth.service - login with email: offirca@hotmail.com
31/05/2022, 20:29:32 - ERROR - Failed to signup Invalid email or password
31/05/2022, 20:29:32 - DEBUG - auth.service - signup with email: offirca@hotmail.com
31/05/2022, 20:29:32 - DEBUG - auth.route - new account created: undefined
31/05/2022, 20:29:32 - DEBUG - auth.service - login with email: offirca@hotmail.com
31/05/2022, 20:29:32 - ERROR - Failed to signup Invalid email or password
31/05/2022, 20:30:29 - INFO - Server is running on port: 3030
31/05/2022, 20:30:52 - INFO - Server is running on port: 3030
31/05/2022, 20:31:08 - DEBUG - auth.service - signup with email: offirca@hotmail.com
31/05/2022, 20:31:10 - DEBUG - auth.route - new account created: {"email":"offirca@hotmail.com","password":"$2b$10$6jS7Ph7vRn7//iFMZ4Ht4e8wCD3.L/uBgMYrGJAiBQ6AQ5e3j5Rxq","firstName":"אופיר","lastName":"כרמי","color":"#CEAF3A","googleId":null,"_id":"629650deebda4392c845ee1b"}
31/05/2022, 20:31:10 - DEBUG - auth.service - login with email: offirca@hotmail.com
31/05/2022, 20:31:10 - ERROR - Failed to signup Invalid email or password
31/05/2022, 20:31:10 - DEBUG - auth.service - signup with email: offirca@hotmail.com
31/05/2022, 20:31:10 - DEBUG - auth.route - new account created: {"email":"offirca@hotmail.com","password":"$2b$10$y9dfcehN2IGhCIjAjbFaue/YXMzhUYkwHNx/FsVh4Mj.iDv1PzbwS","firstName":"אופיר","lastName":"כרמי","color":"#88AA75","googleId":null,"_id":"629650deebda4392c845ee1c"}
31/05/2022, 20:31:10 - DEBUG - auth.service - login with email: offirca@hotmail.com
31/05/2022, 20:31:11 - ERROR - Failed to signup Invalid email or password
31/05/2022, 20:31:57 - INFO - Server is running on port: 3030
31/05/2022, 20:32:30 - INFO - Server is running on port: 3030
31/05/2022, 20:32:37 - INFO - Server is running on port: 3030
31/05/2022, 20:32:46 - DEBUG - auth.service - signup with email: offirca@hotmail.com
31/05/2022, 20:32:48 - DEBUG - auth.route - new account created: {"email":"offirca@hotmail.com","password":"$2b$10$OfozunwJS9mVubMFDoVQwOngWtFSFjEddN2LVDkN7Ifv2Ts2PqwNS","firstName":"אופיר","lastName":"כרמי","color":"#5B10AE","googleId":null,"_id":"6296514037c4b12d04c40d99"}
31/05/2022, 20:32:48 - DEBUG - auth.service - login with email: offirca@hotmail.com
31/05/2022, 20:32:48 - ERROR - Failed to signup Invalid email or password
31/05/2022, 20:32:49 - DEBUG - auth.service - signup with email: offirca@hotmail.com
31/05/2022, 20:32:49 - DEBUG - auth.route - new account created: {"email":"offirca@hotmail.com","password":"$2b$10$6RZkSYGHD0yyE/PYeR.am.TIemy8Yzk/25ye.1i0F1FdBi1KKJugi","firstName":"אופיר","lastName":"כרמי","color":"#0A7634","googleId":null,"_id":"6296514137c4b12d04c40d9a"}
31/05/2022, 20:32:49 - DEBUG - auth.service - login with email: offirca@hotmail.com
31/05/2022, 20:32:49 - ERROR - Failed to signup Invalid email or password
31/05/2022, 20:33:57 - INFO - Server is running on port: 3030
31/05/2022, 20:34:27 - INFO - Server is running on port: 3030
31/05/2022, 20:36:02 - INFO - Server is running on port: 3030
31/05/2022, 20:36:06 - INFO - Server is running on port: 3030
31/05/2022, 20:36:32 - DEBUG - auth.service - signup with email: offirca@hotmail.com
31/05/2022, 20:36:34 - DEBUG - auth.route - new account created: {"email":"offirca@hotmail.com","password":"$2b$10$oWvwCzR0TScjK5Q0MDEQDOR96/PdK/XiuWPg1fEgIgbH/JbzeSJR6","firstName":"אופיר","lastName":"כרמי","color":"#5A650F","googleId":null,"_id":"62965222c6dddb730c7d0129"}
31/05/2022, 20:36:34 - DEBUG - auth.service - login with email: offirca@hotmail.com
31/05/2022, 20:36:34 - ERROR - Failed to signup Invalid email or password
31/05/2022, 20:36:34 - DEBUG - auth.service - signup with email: offirca@hotmail.com
31/05/2022, 20:36:34 - DEBUG - auth.route - new account created: {"email":"offirca@hotmail.com","password":"$2b$10$pEAdiPYSVU/QcY50VjYiMO7.26JPmJWE4BiirEn6LAf.xZM.hbB2i","firstName":"אופיר","lastName":"כרמי","color":"#D451D5","googleId":null,"_id":"62965222c6dddb730c7d012a"}
31/05/2022, 20:36:34 - DEBUG - auth.service - login with email: offirca@hotmail.com
31/05/2022, 20:36:35 - ERROR - Failed to signup Invalid email or password
31/05/2022, 20:37:00 - INFO - Server is running on port: 3030
31/05/2022, 20:37:04 - INFO - Server is running on port: 3030
31/05/2022, 20:37:44 - INFO - Server is running on port: 3030
31/05/2022, 20:37:48 - INFO - Server is running on port: 3030
31/05/2022, 20:38:24 - DEBUG - auth.service - signup with email: offirca@hotmail.com
31/05/2022, 20:38:26 - DEBUG - auth.route - new account created: {"email":"offirca@hotmail.com","password":"$2b$10$qiUpbPA6rfr7LCH4lcfDK.00Z46/BLa50.T5K6JHWvskcjeXUNKLq","firstName":"אופיר","lastName":"כרמי","color":"#C6D359","googleId":null,"_id":"62965292b0d142952cd2005b"}
31/05/2022, 20:38:26 - DEBUG - auth.service - login with email: offirca@hotmail.com
31/05/2022, 20:38:26 - ERROR - Failed to signup Invalid email or password
31/05/2022, 20:38:26 - DEBUG - auth.service - signup with email: offirca@hotmail.com
31/05/2022, 20:38:26 - DEBUG - auth.route - new account created: {"email":"offirca@hotmail.com","password":"$2b$10$C5krVJAu7p8w38Dss5GdNeWHHoynWskG.cYgI95tKJDENIh9/c1Wm","firstName":"אופיר","lastName":"כרמי","color":"#9417B6","googleId":null,"_id":"62965292b0d142952cd2005c"}
31/05/2022, 20:38:26 - DEBUG - auth.service - login with email: offirca@hotmail.com
31/05/2022, 20:38:26 - ERROR - Failed to signup Invalid email or password
31/05/2022, 20:55:42 - DEBUG - auth.service - signup with email: offirca@hotmail.com
31/05/2022, 20:55:42 - DEBUG - auth.route - new account created: {"email":"offirca@hotmail.com","password":"$2b$10$6H7xGjKOn7/0NekkHrsxi.BScq1Xwiq31.gnTHSJBonQu4iaOvEb.","firstName":"אופיר","lastName":"כרמי","color":"#882062","googleId":null,"_id":"6296569eb0d142952cd2005d"}
31/05/2022, 20:55:42 - DEBUG - auth.service - login with email: offirca@hotmail.com
31/05/2022, 20:55:43 - ERROR - Failed to signup Invalid email or password
31/05/2022, 20:57:41 - DEBUG - auth.service - signup with email: offirca@hotmail.com
31/05/2022, 20:57:42 - DEBUG - auth.route - new account created: {"email":"offirca@hotmail.com","password":"$2b$10$/O9UfonJiD1XmA2Vks/I/O5lw1eR6TAa6FJ5kLoJ5dFONQDpff8TO","firstName":"אופיר","lastName":"כרמי","color":"#14975F","googleId":null,"_id":"62965715b0d142952cd2005e"}
31/05/2022, 20:57:42 - DEBUG - auth.service - login with email: offirca@hotmail.com
31/05/2022, 20:57:42 - ERROR - Failed to signup Invalid email or password
31/05/2022, 20:57:42 - DEBUG - auth.service - signup with email: offirca@hotmail.com
31/05/2022, 20:57:42 - DEBUG - auth.route - new account created: {"email":"offirca@hotmail.com","password":"$2b$10$HrPPvPj8QoPL5/qyDYpcRORMzw5PaNonO5.bOzcgpdPI8pEQg/qfu","firstName":"אופיר","lastName":"כרמי","color":"#B87454","googleId":null,"_id":"62965716b0d142952cd2005f"}
31/05/2022, 20:57:42 - DEBUG - auth.service - login with email: offirca@hotmail.com
31/05/2022, 20:57:42 - ERROR - Failed to signup Invalid email or password
31/05/2022, 20:59:12 - INFO - Server is running on port: 3030
31/05/2022, 21:06:07 - DEBUG - auth.service - signup with email: offirca@hotmail.com
31/05/2022, 21:06:09 - DEBUG - auth.route - new account created: {"email":"offirca@hotmail.com","password":"$2b$10$tKWgGWJfN1SynRHYV2zJ..TbdPOiKN.b/dzGi5GAmCt0N60R/6VSK","firstName":"אופיר","lastName":"כרמי","color":"#E8797E","googleId":null,"_id":"62965910f5dcfe6c9ce60a45"}
31/05/2022, 21:06:09 - DEBUG - auth.service - login with email: offirca@hotmail.com
31/05/2022, 21:06:09 - ERROR - Failed to signup Invalid email or password
31/05/2022, 21:06:09 - DEBUG - auth.service - signup with email: offirca@hotmail.com
31/05/2022, 21:06:09 - DEBUG - auth.route - new account created: {"email":"offirca@hotmail.com","password":"$2b$10$bV58X9ZHOxRk2h9HbCR4zOf6OP1DbOqwWKKyBbXEvT7vAduM1KGHu","firstName":"אופיר","lastName":"כרמי","color":"#C465D9","googleId":null,"_id":"62965911f5dcfe6c9ce60a46"}
31/05/2022, 21:06:09 - DEBUG - auth.service - login with email: offirca@hotmail.com
31/05/2022, 21:06:09 - ERROR - Failed to signup Invalid email or password
31/05/2022, 21:07:40 - DEBUG - auth.service - signup with email: offirca@hotmail.com
31/05/2022, 21:07:40 - DEBUG - auth.route - new account created: {"email":"offirca@hotmail.com","password":"$2b$10$pJU4sTICEQvrhSNYmErCAehPlLfjhiBPDshZX6WYmwXmbmO7PN4YW","firstName":"אופיר","lastName":"כרמי","color":"#2348F0","googleId":null,"_id":"6296596cf5dcfe6c9ce60a47"}
31/05/2022, 21:07:40 - DEBUG - auth.service - login with email: offirca@hotmail.com
31/05/2022, 21:07:40 - ERROR - Failed to signup Invalid email or password
31/05/2022, 21:09:01 - INFO - Server is running on port: 3030
31/05/2022, 21:09:33 - INFO - Server is running on port: 3030
31/05/2022, 21:09:35 - DEBUG - auth.service - signup with email: offirca@hotmail.com
31/05/2022, 21:09:37 - DEBUG - auth.route - new account created: {"email":"offirca@hotmail.com","password":"$2b$10$czO7S326xU.6yhAs0vdEieJfKdSyj6U3Nzs8FpATrS.4/3IB4v3Gq","firstName":"אופיר","lastName":"כרמי","color":"#0FB195","googleId":null,"_id":"629659e1484bd166604e897b"}
31/05/2022, 21:09:37 - DEBUG - auth.service - login with email: offirca@hotmail.com
31/05/2022, 21:09:38 - ERROR - Failed to signup Invalid email or password
31/05/2022, 21:10:25 - INFO - Server is running on port: 3030
31/05/2022, 21:10:29 - INFO - Server is running on port: 3030
31/05/2022, 21:10:59 - INFO - Server is running on port: 3030
31/05/2022, 21:11:08 - DEBUG - auth.service - signup with email: offirca@hotmail.com
31/05/2022, 21:11:10 - DEBUG - auth.route - new account created: {"email":"offirca@hotmail.com","password":"$2b$10$Rb1NZQf3Y2jpS/oXwrwBGuT65Gz3drx3su0Rb9XuaJ/MnDvaxDhGO","firstName":"אופיר","lastName":"כרמי","color":"#AA923A","googleId":null,"_id":"62965a3ef9ac5482386cdb09"}
31/05/2022, 21:11:10 - DEBUG - auth.service - login with email: offirca@hotmail.com
31/05/2022, 21:11:10 - ERROR - Failed to signup Invalid email or password
31/05/2022, 21:13:53 - INFO - Server is running on port: 3030
31/05/2022, 21:14:01 - INFO - Server is running on port: 3030
31/05/2022, 21:14:33 - INFO - Server is running on port: 3030
31/05/2022, 21:15:47 - DEBUG - auth.service - signup with email: offirca@hotmail.com
31/05/2022, 21:15:49 - DEBUG - auth.route - new account created: {"email":"offirca@hotmail.com","password":"$2b$10$7Yu1rMiPE946H.WTlRddROYOuY6QrFG8WMd6K.zNYWd0obr9VNNYC","firstName":"אופיר","lastName":"כרמי","color":"#150996","googleId":null,"_id":"62965b55b885747220370dd0"}
31/05/2022, 21:15:49 - DEBUG - auth.service - login with email: offirca@hotmail.com
31/05/2022, 21:15:49 - ERROR - Failed to signup Invalid email or password
31/05/2022, 21:19:52 - INFO - Server is running on port: 3030
31/05/2022, 21:19:56 - INFO - Server is running on port: 3030
31/05/2022, 21:20:20 - DEBUG - auth.service - signup with email: offirca@hotmail.com
31/05/2022, 21:20:22 - DEBUG - auth.route - new account created: {"email":"offirca@hotmail.com","password":"$2b$10$W0zzmSvOv6vPuwjm7Es.UuFfYJKB1NM.YQWK7hhlU3FL0PdZOOCa6","firstName":"אופיר","lastName":"כרמי","color":"#A823B5","googleId":null,"_id":"62965c66b488f704581a522c"}
31/05/2022, 21:20:22 - DEBUG - auth.service - login with email: offirca@hotmail.com
31/05/2022, 21:20:22 - ERROR - Failed to signup Invalid email or password
31/05/2022, 21:20:57 - INFO - Server is running on port: 3030
31/05/2022, 21:23:09 - INFO - Server is running on port: 3030
31/05/2022, 21:23:37 - DEBUG - auth.service - login with email: offircarmi@gmail.com
31/05/2022, 21:23:37 - INFO - User login:  | {"_id":"629645400f98c56b14d0f677","email":"offircarmi@gmail.com","firstName":"Offir","lastName":null,"color":"#85C930","googleId":"110953136490110739603"}
31/05/2022, 21:24:34 - INFO - Server is running on port: 3030
31/05/2022, 21:24:52 - INFO - Server is running on port: 3030
31/05/2022, 21:24:57 - INFO - Server is running on port: 3030
31/05/2022, 21:25:32 - DEBUG - auth.service - signup with email: offircarmi@gmail.com
31/05/2022, 21:25:32 - DEBUG - auth.route - new account created: {"email":"offircarmi@gmail.com","password":null,"firstName":"Offir","color":"#E87C4C","googleId":"110953136490110739603","imgUrl":"https://lh3.googleusercontent.com/a/AATXAJy5Ep_pXP1-_w_PMQpr6XBlXHquUrJA8db-YX8jHcc=s96-c","_id":"62965d9c168fa67b10b1bcba"}
31/05/2022, 21:25:32 - DEBUG - auth.service - login with email: offircarmi@gmail.com
31/05/2022, 21:25:32 - INFO - User login:  | {"_id":"62965d9c168fa67b10b1bcba","email":"offircarmi@gmail.com","firstName":"Offir","lastName":null,"color":"#E87C4C","googleId":"110953136490110739603","imgUrl":"https://lh3.googleusercontent.com/a/AATXAJy5Ep_pXP1-_w_PMQpr6XBlXHquUrJA8db-YX8jHcc=s96-c"}
31/05/2022, 21:26:08 - INFO - Server is running on port: 3030
31/05/2022, 21:26:19 - INFO - Server is running on port: 3030
31/05/2022, 21:26:24 - INFO - Server is running on port: 3030
31/05/2022, 21:26:56 - DEBUG - auth.service - signup with email: offirca@hotmail.com
31/05/2022, 21:26:58 - DEBUG - auth.route - new account created: {"email":"offirca@hotmail.com","password":"$2b$10$ZqdFHWkibyYZrl46RY5CZOI2WpnP8b7HAmeZxMisggr99GBYEvzbK","firstName":"אופיר","lastName":"כרמי","color":"#624A45","googleId":null,"imgUrl":null,"_id":"62965df2e1f38566a092e57b"}
31/05/2022, 21:26:58 - DEBUG - auth.service - login with email: offirca@hotmail.com
31/05/2022, 21:26:59 - ERROR - Failed to signup Invalid email or password
31/05/2022, 21:27:28 - INFO - Server is running on port: 3030
31/05/2022, 21:27:56 - DEBUG - auth.service - signup with email: offirca@hotmail.com
31/05/2022, 21:27:57 - DEBUG - auth.route - new account created: {"email":"offirca@hotmail.com","password":"$2b$10$zC5H8aWsTShZ28DJEOu3f.1OxIiJgmKchOZROC99OSmK5Fg45oMNC","firstName":"אופיר","lastName":"כרמי","color":"#B9E267","googleId":null,"imgUrl":null,"_id":"62965e2d91e6931078089217"}
31/05/2022, 21:27:57 - DEBUG - auth.service - login with email: offirca@hotmail.com
31/05/2022, 21:27:57 - ERROR - Failed to signup Invalid email or password
31/05/2022, 21:28:26 - INFO - Server is running on port: 3030
31/05/2022, 21:28:37 - INFO - Server is running on port: 3030
31/05/2022, 21:29:18 - DEBUG - auth.service - signup with email: offirca@hotmail.com
31/05/2022, 21:29:20 - DEBUG - auth.route - new account created: {"email":"offirca@hotmail.com","password":"$2b$10$4Kwft7t4W0HlTm6IJrE5fOzxkYY7KQ7nl8o5RDeu02w14Mqs1UneC","firstName":"אופיר","lastName":"כרמי","color":"#0F6D0D","googleId":null,"imgUrl":null,"_id":"62965e7fe5057676887cf3a1"}
31/05/2022, 21:29:20 - DEBUG - auth.service - login with email: offirca@hotmail.com
31/05/2022, 21:29:20 - ERROR - Failed to signup Invalid email or password
31/05/2022, 21:31:40 - INFO - Server is running on port: 3030
31/05/2022, 21:31:45 - INFO - Server is running on port: 3030
31/05/2022, 21:32:04 - INFO - Server is running on port: 3030
31/05/2022, 21:33:09 - DEBUG - auth.service - signup with email: offirca@hotmail.com
31/05/2022, 21:33:11 - DEBUG - auth.route - new account created: {"email":"offirca@hotmail.com","password":"$2b$10$RtjYCzo1znTF8sRpvhfzY.fcwjy79tQavrxZ5OIqi.4fBzKC/K1la","firstName":"אופיר","lastName":"כרמי","color":"#7CE0B7","googleId":null,"imgUrl":null,"_id":"62965f673c81f639a41e4d10"}
31/05/2022, 21:33:11 - DEBUG - auth.service - login with email: offirca@hotmail.com
31/05/2022, 21:33:12 - ERROR - Failed to signup Invalid email or password
31/05/2022, 21:34:28 - DEBUG - auth.service - signup with email: offircarmi@gmail.com
31/05/2022, 21:34:28 - DEBUG - auth.route - new account created: {"email":"offircarmi@gmail.com","password":null,"firstName":"Offir","color":"#49C8E5","googleId":"110953136490110739603","imgUrl":"https://lh3.googleusercontent.com/a/AATXAJy5Ep_pXP1-_w_PMQpr6XBlXHquUrJA8db-YX8jHcc=s96-c","_id":"62965fb43c81f639a41e4d11"}
31/05/2022, 21:34:28 - DEBUG - auth.service - login with email: offircarmi@gmail.com
31/05/2022, 21:34:28 - INFO - User login:  | {"_id":"62965fb43c81f639a41e4d11","email":"offircarmi@gmail.com","firstName":"Offir","lastName":null,"color":"#49C8E5","googleId":"110953136490110739603","imgUrl":"https://lh3.googleusercontent.com/a/AATXAJy5Ep_pXP1-_w_PMQpr6XBlXHquUrJA8db-YX8jHcc=s96-c"}
31/05/2022, 22:13:53 - DEBUG - auth.service - login with email: offircarmi@gmail.com
31/05/2022, 22:13:53 - INFO - User login:  | {"_id":"62965fb43c81f639a41e4d11","email":"offircarmi@gmail.com","firstName":"Offir","lastName":null,"color":"#49C8E5","googleId":"110953136490110739603","imgUrl":"https://lh3.googleusercontent.com/a/AATXAJy5Ep_pXP1-_w_PMQpr6XBlXHquUrJA8db-YX8jHcc=s96-c"}
31/05/2022, 22:18:42 - DEBUG - auth.service - login with email: offircarmi@gmail.com
31/05/2022, 22:18:42 - INFO - User login:  | {"_id":"62965fb43c81f639a41e4d11","email":"offircarmi@gmail.com","firstName":"Offir","lastName":null,"color":"#49C8E5","googleId":"110953136490110739603","imgUrl":"https://lh3.googleusercontent.com/a/AATXAJy5Ep_pXP1-_w_PMQpr6XBlXHquUrJA8db-YX8jHcc=s96-c"}
31/05/2022, 22:35:08 - INFO - Req was made
31/05/2022, 22:35:08 - DEBUG - Getting Boards
